C51 COMPILER V9.00   MAIN                                                                  01/03/2020 14:21:14 PAGE 1   


C51 COMPILER V9.00, COMPILATION OF MODULE MAIN
OBJECT MODULE PLACED IN main.OBJ
COMPILER INVOKED BY: D:\Keil_v5\C51\BIN\C51.EXE main.c OPTIMIZE(8,SPEED) BROWSE DEBUG OBJECTEXTEND TABS(2)

line level    source

   1          
   2          /*******∂¡»° ∑¢ÀÕ*********/
   3          #include <intrins.h>
   4          
   5          #include "reg51.h"
   6          
   7          #define uchar unsigned char
   8          #define uint unsigned int
   9          uchar Rbuf = 0;
  10          uchar code dis_7[] = {
  11          0x3f, 0x06, 0x5b, 0x4f, 0x66, 0x6d, 0x7d, 0x07, 
  12          0x7f, 0x6f, 0x77, 0x7c, 0x39, 0x5e, 0x79, 0x71, 0x00};
  13          // 0, 1, 2, 3, 4, 5, 6, 7, 8, 9, A, B, C, D, E, F, off 
  14          
  15          
  16          
  17          void delay_ms(unsigned int a)     
  18          {
  19   1        unsigned int b;
  20   1        for(;a>0;a--)
  21   1          for(b=100;b>0;b--);
  22   1      }
  23          
  24          
  25          void Uartinit(void)   
  26          {
  27   1        PCON &= 0x7F;   //??????
  28   1        SCON = 0x50;    //8???,?????
  29   1        TMOD &= 0x0F;   //?????1???
  30   1        TMOD |= 0x20;   //?????1?8???????
  31   1        TL1 = 0xFD;   //??????
  32   1        TH1 = 0xFD;   //????????
  33   1        ET1 = 0;    //?????1??
  34   1        TR1 = 1;    //?????1
  35   1        
  36   1        ES   = 1;        //?????                  
  37   1        EA   = 1;        // ???? 
  38   1        
  39   1      
  40   1      }
  41          
  42          void SendData(unsigned char a)
  43          {
  44   1          SBUF =a;
  45   1          while(!TI);     
  46   1          TI = 0;
  47   1        
  48   1      }
  49          void ReceiveData(unsigned char a)
  50          {
  51   1        a=SBUF;
  52   1        while(!TI);     
  53   1        TI = 0;
  54   1      }
  55          
C51 COMPILER V9.00   MAIN                                                                  01/03/2020 14:21:14 PAGE 2   

  56          
  57          void main()
  58          {
  59   1        unsigned char codeswitch;
  60   1        SCON = 0x40;
  61   1        TMOD = 0x20;
  62   1        PCON = 0x00;
  63   1        TH1 = 0xfd;
  64   1        TL1 = 0xfd;
  65   1        TI = 0;
  66   1        TR1 = 1;
  67   1          
  68   1        while(1)
  69   1        { 
  70   2          
  71   2        delay_ms(500);
  72   2        codeswitch=P2;  
  73   2        SendData(codeswitch);
  74   2          
  75   2        }
  76   1      
  77   1      }


MODULE INFORMATION:   STATIC OVERLAYABLE
   CODE SIZE        =    108    ----
   CONSTANT SIZE    =     17    ----
   XDATA SIZE       =   ----    ----
   PDATA SIZE       =   ----    ----
   DATA SIZE        =      1    ----
   IDATA SIZE       =   ----    ----
   BIT SIZE         =   ----    ----
END OF MODULE INFORMATION.


C51 COMPILATION COMPLETE.  0 WARNING(S),  0 ERROR(S)
